C:\Program Files (x86)\Microsoft Visual Studio\2019\Community\MSBuild\Microsoft\VC\v160\Microsoft.CppBuild.targets(438,5): warning MSB8004: Output Directory does not end with a trailing slash.  This build instance will add the slash as it is required to allow proper evaluation of the Output Directory.
  main.cpp
J:\OneDrive\Projects\Game_Development\L_ETC\L_ETC-core\src\math\math_functions.h(8,19): warning C4244: 'return': conversion from 'double' to 'float', possible loss of data
J:\OneDrive\Projects\Game_Development\L_ETC\L_ETC-core\src\graphics\renderable2d.h(75,10): warning C4244: 'initializing': conversion from 'float' to 'int', possible loss of data
J:\OneDrive\Projects\Game_Development\L_ETC\L_ETC-core\src\graphics\renderable2d.h(76,10): warning C4244: 'initializing': conversion from 'float' to 'int', possible loss of data
J:\OneDrive\Projects\Game_Development\L_ETC\L_ETC-core\src\graphics\renderable2d.h(77,10): warning C4244: 'initializing': conversion from 'float' to 'int', possible loss of data
J:\OneDrive\Projects\Game_Development\L_ETC\L_ETC-core\src\graphics\renderable2d.h(78,10): warning C4244: 'initializing': conversion from 'float' to 'int', possible loss of data
J:\OneDrive\Projects\Game_Development\L_ETC\L_ETC-core\src\graphics\layers\GridLayer.h(2,10): warning C4067: unexpected tokens following preprocessor directive - expected a newline
J:\OneDrive\Projects\Game_Development\L_ETC\L_ETC-core\src\graphics\GridRenderer.h(33,16): warning C4244: 'initializing': conversion from 'float' to 'int', possible loss of data
J:\OneDrive\Projects\Game_Development\L_ETC\L_ETC-core\src\graphics\GridRenderer.h(35,17): warning C4244: 'initializing': conversion from 'float' to 'int', possible loss of data
J:\OneDrive\Projects\Game_Development\L_ETC\L_ETC-core\src\graphics\GridRenderer.h(38,1): warning C4305: 'argument': truncation from 'double' to 'GLfloat'
J:\OneDrive\Projects\Game_Development\L_ETC\L_ETC-core\src\graphics\GridRenderer.h(40,22): warning C4244: 'argument': conversion from 'int' to 'GLfloat', possible loss of data
J:\OneDrive\Projects\Game_Development\L_ETC\L_ETC-core\src\graphics\GridRenderer.h(40,18): warning C4244: 'argument': conversion from 'int' to 'GLfloat', possible loss of data
J:\OneDrive\Projects\Game_Development\L_ETC\L_ETC-core\src\graphics\GridRenderer.h(41,25): warning C4244: 'argument': conversion from 'int' to 'GLfloat', possible loss of data
J:\OneDrive\Projects\Game_Development\L_ETC\L_ETC-core\src\graphics\GridRenderer.h(41,20): warning C4244: 'argument': conversion from 'int' to 'GLfloat', possible loss of data
J:\OneDrive\Projects\Game_Development\L_ETC\L_ETC-core\src\graphics\GridRenderer.h(42,27): warning C4244: 'argument': conversion from 'int' to 'GLfloat', possible loss of data
J:\OneDrive\Projects\Game_Development\L_ETC\L_ETC-core\src\graphics\GridRenderer.h(42,20): warning C4244: 'argument': conversion from 'int' to 'GLfloat', possible loss of data
J:\OneDrive\Projects\Game_Development\L_ETC\L_ETC-core\src\graphics\GridRenderer.h(43,24): warning C4244: 'argument': conversion from 'int' to 'GLfloat', possible loss of data
J:\OneDrive\Projects\Game_Development\L_ETC\L_ETC-core\src\graphics\GridRenderer.h(43,18): warning C4244: 'argument': conversion from 'int' to 'GLfloat', possible loss of data
J:\OneDrive\Projects\Game_Development\L_ETC\L_ETC-core\src\utils\timer.h(22,24): warning C4244: 'return': conversion from 'double' to 'float', possible loss of data
J:\OneDrive\Projects\Game_Development\L_ETC\L_ETC-core\src\letc.h(115,1): warning C4305: 'initializing': truncation from 'double' to 'float'
J:\OneDrive\Projects\Game_Development\L_ETC\PhysicsDemo\src\main.cpp(137,95): warning C4244: 'argument': conversion from 'int' to 'const float', possible loss of data
J:\OneDrive\Projects\Game_Development\L_ETC\PhysicsDemo\src\main.cpp(137,67): warning C4244: 'argument': conversion from 'int' to 'const float', possible loss of data
J:\OneDrive\Projects\Game_Development\L_ETC\PhysicsDemo\src\main.cpp(143,1): warning C4305: 'argument': truncation from 'double' to 'const float'
J:\OneDrive\Projects\Game_Development\L_ETC\PhysicsDemo\src\main.cpp(144,1): warning C4305: 'argument': truncation from 'double' to 'const float'
J:\OneDrive\Projects\Game_Development\L_ETC\PhysicsDemo\src\main.cpp(171,34): warning C4244: 'argument': conversion from 'double' to 'float', possible loss of data
J:\OneDrive\Projects\Game_Development\L_ETC\PhysicsDemo\src\main.cpp(226,83): warning C4244: 'argument': conversion from 'double' to 'float', possible loss of data
J:\OneDrive\Projects\Game_Development\L_ETC\PhysicsDemo\src\main.cpp(238,26): warning C4244: 'initializing': conversion from 'double' to 'float', possible loss of data
J:\OneDrive\Projects\Game_Development\L_ETC\PhysicsDemo\src\main.cpp(239,26): warning C4244: 'initializing': conversion from 'double' to 'float', possible loss of data
J:\OneDrive\Projects\Game_Development\L_ETC\PhysicsDemo\src\main.cpp(322,26): warning C4244: 'initializing': conversion from 'double' to 'float', possible loss of data
J:\OneDrive\Projects\Game_Development\L_ETC\PhysicsDemo\src\main.cpp(323,26): warning C4244: 'initializing': conversion from 'double' to 'float', possible loss of data
  PhysicsDemo.vcxproj -> J:\OneDrive\Projects\Game_Development\L_ETC\bin\Demos\PhysicsDemo.exe
