  simplegame.cpp
J:\OneDrive\Projects\Game_Development\L_ETC\L_ETC-core\src\math\math_functions.h(8,19): warning C4244: 'return': conversion from 'double' to 'float', possible loss of data
J:\OneDrive\Projects\Game_Development\L_ETC\L_ETC-core\src\graphics\renderable2d.h(75,10): warning C4244: 'initializing': conversion from 'float' to 'int', possible loss of data
J:\OneDrive\Projects\Game_Development\L_ETC\L_ETC-core\src\graphics\renderable2d.h(76,10): warning C4244: 'initializing': conversion from 'float' to 'int', possible loss of data
J:\OneDrive\Projects\Game_Development\L_ETC\L_ETC-core\src\graphics\renderable2d.h(77,10): warning C4244: 'initializing': conversion from 'float' to 'int', possible loss of data
J:\OneDrive\Projects\Game_Development\L_ETC\L_ETC-core\src\graphics\renderable2d.h(78,10): warning C4244: 'initializing': conversion from 'float' to 'int', possible loss of data
J:\OneDrive\Projects\Game_Development\L_ETC\L_ETC-core\src\utils\timer.h(22,24): warning C4244: 'return': conversion from 'double' to 'float', possible loss of data
J:\OneDrive\Projects\Game_Development\L_ETC\L_ETC-core\src\letc.h(106,1): warning C4305: 'initializing': truncation from 'double' to 'float'
J:\OneDrive\Projects\Game_Development\L_ETC\L_ETC-core\examples\SimpleGame\src\simplegame.cpp(58,94): warning C4244: 'argument': conversion from 'int' to 'const float', possible loss of data
J:\OneDrive\Projects\Game_Development\L_ETC\L_ETC-core\examples\SimpleGame\src\simplegame.cpp(58,66): warning C4244: 'argument': conversion from 'int' to 'const float', possible loss of data
J:\OneDrive\Projects\Game_Development\L_ETC\L_ETC-core\examples\SimpleGame\src\simplegame.cpp(74,1): warning C4305: 'argument': truncation from 'double' to 'const float'
J:\OneDrive\Projects\Game_Development\L_ETC\L_ETC-core\examples\SimpleGame\src\simplegame.cpp(75,1): warning C4305: 'argument': truncation from 'double' to 'const float'
J:\OneDrive\Projects\Game_Development\L_ETC\L_ETC-core\examples\SimpleGame\src\simplegame.cpp(116,1): warning C4244: '+=': conversion from 'double' to 'float', possible loss of data
J:\OneDrive\Projects\Game_Development\L_ETC\L_ETC-core\examples\SimpleGame\src\simplegame.cpp(117,1): warning C4244: '+=': conversion from 'double' to 'float', possible loss of data
J:\OneDrive\Projects\Game_Development\L_ETC\L_ETC-core\examples\SimpleGame\src\simplegame.cpp(118,1): warning C4244: '+=': conversion from 'double' to 'float', possible loss of data
J:\OneDrive\Projects\Game_Development\L_ETC\L_ETC-core\examples\SimpleGame\src\simplegame.cpp(119,1): warning C4244: '+=': conversion from 'double' to 'float', possible loss of data
LINK : warning LNK4098: defaultlib 'LIBCMT' conflicts with use of other libs; use /NODEFAULTLIB:library
  Generating code
  2 of 3689 functions (<0.1%) were compiled, the rest were copied from previous compilation.
    0 functions were new in current compilation
    50 functions had inline decision re-evaluated but remain unchanged
  Finished generating code
LINK : warning LNK4286: symbol '_fprintf' defined in 'L_ETC-core.lib(imgui_impl_opengl3.obj)' is imported by 'gorilla.lib(analysis.obj)'
LINK : warning LNK4286: symbol '_sprintf' defined in 'L_ETC-core.lib(bdf.obj)' is imported by 'gorilla.lib(analysis.obj)'
LINK : warning LNK4286: symbol '___glewVertexAttrib4f' defined in 'glew32s.lib(glew.obj)' is imported by 'simplegame.obj'
glew32s.lib(glew.obj) : warning LNK4099: PDB 'vc120.pdb' was not found with 'glew32s.lib(glew.obj)' or at 'J:\OneDrive\Projects\Game_Development\L_ETC\Release\vc120.pdb'; linking object as if no debug info
  SimpleGame.vcxproj -> J:\OneDrive\Projects\Game_Development\L_ETC\Release\SimpleGame.exe
